<?xml version="1.0" encoding="UTF-8"?>
<!-- Generated by org.testng.reporters.JUnitReportReporter -->
<testsuite hostname="Avinav-PC" name="com.testautomation.testcases.LoginTestCRM" tests="1" failures="0" timestamp="1 Aug 2021 03:34:31 GMT" time="21.558" errors="0">
  <testcase name="loginApp" time="21.558" classname="com.testautomation.testcases.LoginTestCRM"/>
</testsuite> <!-- com.testautomation.testcases.LoginTestCRM -->
